0 info it worked if it ends with ok
1 verbose cli [ '/home/euegneperminov/.nvm/versions/node/v6.9.1/bin/node',
1 verbose cli   '/home/euegneperminov/.nvm/versions/node/v6.9.1/bin/npm',
1 verbose cli   'install',
1 verbose cli   'eslint-config-google',
1 verbose cli   '--save-dev' ]
2 info using npm@3.10.8
3 info using node@v6.9.1
4 silly loadCurrentTree Starting
5 silly install loadCurrentTree
6 silly install readLocalPackageData
7 silly fetchPackageMetaData eslint-config-google
8 silly fetchNamedPackageData eslint-config-google
9 silly mapToRegistry name eslint-config-google
10 silly mapToRegistry using default registry
11 silly mapToRegistry registry https://registry.npmjs.org/
12 silly mapToRegistry data Result {
12 silly mapToRegistry   raw: 'eslint-config-google',
12 silly mapToRegistry   scope: null,
12 silly mapToRegistry   escapedName: 'eslint-config-google',
12 silly mapToRegistry   name: 'eslint-config-google',
12 silly mapToRegistry   rawSpec: '',
12 silly mapToRegistry   spec: 'latest',
12 silly mapToRegistry   type: 'tag' }
13 silly mapToRegistry uri https://registry.npmjs.org/eslint-config-google
14 verbose request uri https://registry.npmjs.org/eslint-config-google
15 verbose request no auth needed
16 info attempt registry request try #1 at 7:18:59 PM
17 verbose request id a281a0b9b50c8e8c
18 verbose etag W/"58b0c46b-39f2"
19 verbose lastModified Fri, 24 Feb 2017 23:40:27 GMT
20 http request GET https://registry.npmjs.org/eslint-config-google
21 http 304 https://registry.npmjs.org/eslint-config-google
22 verbose headers { date: 'Wed, 08 Mar 2017 13:19:00 GMT',
22 verbose headers   via: '1.1 varnish',
22 verbose headers   'cache-control': 'max-age=300',
22 verbose headers   etag: 'W/"58b0c46b-39f2"',
22 verbose headers   age: '15',
22 verbose headers   connection: 'keep-alive',
22 verbose headers   'x-served-by': 'cache-ams4126-AMS',
22 verbose headers   'x-cache': 'HIT',
22 verbose headers   'x-cache-hits': '1',
22 verbose headers   'x-timer': 'S1488979140.140562,VS0,VE0',
22 verbose headers   vary: 'Accept-Encoding' }
23 silly get cb [ 304,
23 silly get   { date: 'Wed, 08 Mar 2017 13:19:00 GMT',
23 silly get     via: '1.1 varnish',
23 silly get     'cache-control': 'max-age=300',
23 silly get     etag: 'W/"58b0c46b-39f2"',
23 silly get     age: '15',
23 silly get     connection: 'keep-alive',
23 silly get     'x-served-by': 'cache-ams4126-AMS',
23 silly get     'x-cache': 'HIT',
23 silly get     'x-cache-hits': '1',
23 silly get     'x-timer': 'S1488979140.140562,VS0,VE0',
23 silly get     vary: 'Accept-Encoding' } ]
24 verbose etag https://registry.npmjs.org/eslint-config-google from cache
25 verbose get saving eslint-config-google to /home/euegneperminov/.npm/registry.npmjs.org/eslint-config-google/.cache.json
26 verbose correctMkdir /home/euegneperminov/.npm correctMkdir not in flight; initializing
27 silly install normalizeTree
28 silly loadCurrentTree Finishing
29 silly loadIdealTree Starting
30 silly install loadIdealTree
31 silly cloneCurrentTree Starting
32 silly install cloneCurrentTreeToIdealTree
33 silly cloneCurrentTree Finishing
34 silly loadShrinkwrap Starting
35 silly install loadShrinkwrap
36 silly loadShrinkwrap Finishing
37 silly loadAllDepsIntoIdealTree Starting
38 silly install loadAllDepsIntoIdealTree
39 silly resolveWithNewModule eslint-config-google@0.7.1 checking installable status
40 silly cache add args [ 'eslint-config-google', null ]
41 verbose cache add spec eslint-config-google
42 silly cache add parsed spec Result {
42 silly cache add   raw: 'eslint-config-google',
42 silly cache add   scope: null,
42 silly cache add   escapedName: 'eslint-config-google',
42 silly cache add   name: 'eslint-config-google',
42 silly cache add   rawSpec: '',
42 silly cache add   spec: 'latest',
42 silly cache add   type: 'tag' }
43 silly addNamed eslint-config-google@latest
44 verbose addNamed "latest" is being treated as a dist-tag for eslint-config-google
45 info addNameTag [ 'eslint-config-google', 'latest' ]
46 silly mapToRegistry name eslint-config-google
47 silly mapToRegistry using default registry
48 silly mapToRegistry registry https://registry.npmjs.org/
49 silly mapToRegistry data Result {
49 silly mapToRegistry   raw: 'eslint-config-google',
49 silly mapToRegistry   scope: null,
49 silly mapToRegistry   escapedName: 'eslint-config-google',
49 silly mapToRegistry   name: 'eslint-config-google',
49 silly mapToRegistry   rawSpec: '',
49 silly mapToRegistry   spec: 'latest',
49 silly mapToRegistry   type: 'tag' }
50 silly mapToRegistry uri https://registry.npmjs.org/eslint-config-google
51 verbose addNameTag registry:https://registry.npmjs.org/eslint-config-google not in flight; fetching
52 verbose get https://registry.npmjs.org/eslint-config-google not expired, no request
53 silly addNameTag next cb for eslint-config-google with tag latest
54 silly addNamed eslint-config-google@0.7.1
55 verbose addNamed "0.7.1" is a plain semver version for eslint-config-google
56 silly cache afterAdd eslint-config-google@0.7.1
57 verbose afterAdd /home/euegneperminov/.npm/eslint-config-google/0.7.1/package/package.json not in flight; writing
58 verbose correctMkdir /home/euegneperminov/.npm correctMkdir not in flight; initializing
59 verbose afterAdd /home/euegneperminov/.npm/eslint-config-google/0.7.1/package/package.json written
60 silly fetchNamedPackageData fsevents
61 silly mapToRegistry name fsevents
62 silly mapToRegistry using default registry
63 silly mapToRegistry registry https://registry.npmjs.org/
64 silly mapToRegistry data Result {
64 silly mapToRegistry   raw: 'fsevents',
64 silly mapToRegistry   scope: null,
64 silly mapToRegistry   escapedName: 'fsevents',
64 silly mapToRegistry   name: 'fsevents',
64 silly mapToRegistry   rawSpec: '',
64 silly mapToRegistry   spec: 'latest',
64 silly mapToRegistry   type: 'tag' }
65 silly mapToRegistry uri https://registry.npmjs.org/fsevents
66 verbose request uri https://registry.npmjs.org/fsevents
67 verbose request no auth needed
68 info attempt registry request try #1 at 7:19:00 PM
69 verbose etag W/"58bf83a2-d5d4"
70 verbose lastModified Wed, 08 Mar 2017 04:08:02 GMT
71 http request GET https://registry.npmjs.org/fsevents
72 http 304 https://registry.npmjs.org/fsevents
73 verbose headers { date: 'Wed, 08 Mar 2017 13:19:00 GMT',
73 verbose headers   via: '1.1 varnish',
73 verbose headers   'cache-control': 'max-age=300',
73 verbose headers   etag: 'W/"58bf83a2-d5d4"',
73 verbose headers   age: '223',
73 verbose headers   connection: 'keep-alive',
73 verbose headers   'x-served-by': 'cache-ams4126-AMS',
73 verbose headers   'x-cache': 'HIT',
73 verbose headers   'x-cache-hits': '9',
73 verbose headers   'x-timer': 'S1488979140.691861,VS0,VE0',
73 verbose headers   vary: 'Accept-Encoding' }
74 silly get cb [ 304,
74 silly get   { date: 'Wed, 08 Mar 2017 13:19:00 GMT',
74 silly get     via: '1.1 varnish',
74 silly get     'cache-control': 'max-age=300',
74 silly get     etag: 'W/"58bf83a2-d5d4"',
74 silly get     age: '223',
74 silly get     connection: 'keep-alive',
74 silly get     'x-served-by': 'cache-ams4126-AMS',
74 silly get     'x-cache': 'HIT',
74 silly get     'x-cache-hits': '9',
74 silly get     'x-timer': 'S1488979140.691861,VS0,VE0',
74 silly get     vary: 'Accept-Encoding' } ]
75 verbose etag https://registry.npmjs.org/fsevents from cache
76 verbose get saving fsevents to /home/euegneperminov/.npm/registry.npmjs.org/fsevents/.cache.json
77 verbose correctMkdir /home/euegneperminov/.npm correctMkdir not in flight; initializing
78 silly resolveWithNewModule fsevents@1.1.1 checking installable status
79 silly loadAllDepsIntoIdealTree Finishing
80 silly loadIdealTree Finishing
81 silly currentTree express-app-skeleton@0.0.1
81 silly currentTree ├── abbrev@1.1.0
81 silly currentTree ├── accepts@1.3.3
81 silly currentTree ├─┬ acorn-jsx@3.0.1
81 silly currentTree │ └── acorn@3.3.0
81 silly currentTree ├── acorn@4.0.4
81 silly currentTree ├── ajv-keywords@1.5.1
81 silly currentTree ├── ajv@4.11.4
81 silly currentTree ├── ansi-escapes@1.4.0
81 silly currentTree ├── ansi-regex@2.1.1
81 silly currentTree ├── ansi-styles@2.2.1
81 silly currentTree ├── anymatch@1.3.0
81 silly currentTree ├── aproba@1.1.1
81 silly currentTree ├── are-we-there-yet@1.1.2
81 silly currentTree ├── argparse@1.0.9
81 silly currentTree ├── arr-diff@2.0.0
81 silly currentTree ├── arr-flatten@1.0.1
81 silly currentTree ├── array-flatten@1.1.1
81 silly currentTree ├── array-union@1.0.2
81 silly currentTree ├── array-uniq@1.0.3
81 silly currentTree ├── array-unique@0.2.1
81 silly currentTree ├── arrify@1.0.1
81 silly currentTree ├── asn1@0.2.3
81 silly currentTree ├── assert-plus@0.2.0
81 silly currentTree ├── assertion-error@1.0.2
81 silly currentTree ├── async-each@1.0.1
81 silly currentTree ├── async@1.5.2
81 silly currentTree ├── asynckit@0.4.0
81 silly currentTree ├── aws-sign2@0.6.0
81 silly currentTree ├── aws4@1.6.0
81 silly currentTree ├── babel-code-frame@6.22.0
81 silly currentTree ├── balanced-match@0.4.2
81 silly currentTree ├── base64-url@1.3.3
81 silly currentTree ├── bcrypt-pbkdf@1.0.1
81 silly currentTree ├── bcrypt@1.0.2
81 silly currentTree ├── binary-extensions@1.8.0
81 silly currentTree ├── bindings@1.2.1
81 silly currentTree ├── block-stream@0.0.9
81 silly currentTree ├── bluebird@2.10.2
81 silly currentTree ├─┬ body-parser@1.16.1
81 silly currentTree │ ├── debug@2.6.1
81 silly currentTree │ ├── http-errors@1.5.1
81 silly currentTree │ ├── ms@0.7.2
81 silly currentTree │ └── qs@6.2.1
81 silly currentTree ├── boom@2.10.1
81 silly currentTree ├── brace-expansion@1.1.6
81 silly currentTree ├── braces@1.8.5
81 silly currentTree ├── browser-stdout@1.3.0
81 silly currentTree ├── bson@1.0.4
81 silly currentTree ├── buffer-shims@1.0.0
81 silly currentTree ├── bytes@2.4.0
81 silly currentTree ├── caller-path@0.1.0
81 silly currentTree ├── callsites@0.2.0
81 silly currentTree ├── caseless@0.11.0
81 silly currentTree ├── chai@3.5.0
81 silly currentTree ├── chalk@1.1.3
81 silly currentTree ├── chokidar@1.6.1
81 silly currentTree ├── circular-json@0.3.1
81 silly currentTree ├── cli-cursor@1.0.2
81 silly currentTree ├── cli-width@2.1.0
81 silly currentTree ├── co@4.6.0
81 silly currentTree ├── code-point-at@1.1.0
81 silly currentTree ├── combined-stream@1.0.5
81 silly currentTree ├── commander@2.9.0
81 silly currentTree ├── component-emitter@1.2.1
81 silly currentTree ├── concat-map@0.0.1
81 silly currentTree ├── concat-stream@1.6.0
81 silly currentTree ├─┬ configstore@1.4.0
81 silly currentTree │ └── uuid@2.0.3
81 silly currentTree ├── console-control-strings@1.1.0
81 silly currentTree ├── content-disposition@0.5.2
81 silly currentTree ├── content-type@1.0.2
81 silly currentTree ├── cookie-parser@1.4.3
81 silly currentTree ├── cookie-signature@1.0.6
81 silly currentTree ├── cookie@0.3.1
81 silly currentTree ├── cookiejar@2.1.0
81 silly currentTree ├── core-util-is@1.0.2
81 silly currentTree ├── crc@3.4.4
81 silly currentTree ├── cryptiles@2.0.5
81 silly currentTree ├── crypto-js@3.1.9-1
81 silly currentTree ├── d@0.1.1
81 silly currentTree ├─┬ dashdash@1.14.1
81 silly currentTree │ └── assert-plus@1.0.0
81 silly currentTree ├── date-format@0.0.0
81 silly currentTree ├── debug@2.2.0
81 silly currentTree ├─┬ deep-eql@0.1.3
81 silly currentTree │ └── type-detect@0.1.1
81 silly currentTree ├── deep-extend@0.4.1
81 silly currentTree ├── deep-is@0.1.3
81 silly currentTree ├── del@2.2.2
81 silly currentTree ├── delayed-stream@1.0.0
81 silly currentTree ├── delegates@1.0.0
81 silly currentTree ├── depd@1.1.0
81 silly currentTree ├── destroy@1.0.4
81 silly currentTree ├── diff@1.4.0
81 silly currentTree ├── doctrine@1.5.0
81 silly currentTree ├── dotenv@4.0.0
81 silly currentTree ├── duplexer@0.1.1
81 silly currentTree ├── duplexify@3.5.0
81 silly currentTree ├── ecc-jsbn@0.1.1
81 silly currentTree ├── ee-first@1.1.1
81 silly currentTree ├── encodeurl@1.0.1
81 silly currentTree ├─┬ end-of-stream@1.0.0
81 silly currentTree │ └── once@1.3.3
81 silly currentTree ├── es5-ext@0.10.12
81 silly currentTree ├── es6-iterator@2.0.0
81 silly currentTree ├── es6-map@0.1.4
81 silly currentTree ├── es6-promise@3.3.1
81 silly currentTree ├── es6-set@0.1.4
81 silly currentTree ├── es6-symbol@3.1.0
81 silly currentTree ├── es6-weak-map@2.0.1
81 silly currentTree ├── escape-html@1.0.3
81 silly currentTree ├── escape-string-regexp@1.0.5
81 silly currentTree ├── escope@3.6.0
81 silly currentTree ├─┬ eslint@3.17.1
81 silly currentTree │ └── strip-json-comments@2.0.1
81 silly currentTree ├── espree@3.4.0
81 silly currentTree ├── esprima@3.1.3
81 silly currentTree ├─┬ esrecurse@4.1.0
81 silly currentTree │ └── estraverse@4.1.1
81 silly currentTree ├── estraverse@4.2.0
81 silly currentTree ├── esutils@2.0.2
81 silly currentTree ├── etag@1.7.0
81 silly currentTree ├── event-emitter@0.3.4
81 silly currentTree ├── event-stream@3.3.4
81 silly currentTree ├── exit-hook@1.1.1
81 silly currentTree ├── expand-brackets@0.1.5
81 silly currentTree ├── expand-range@1.8.2
81 silly currentTree ├─┬ express-session@1.15.1
81 silly currentTree │ ├── debug@2.6.1
81 silly currentTree │ └── ms@0.7.2
81 silly currentTree ├─┬ express@4.14.1
81 silly currentTree │ └── qs@6.2.0
81 silly currentTree ├── extend@3.0.0
81 silly currentTree ├── extglob@0.3.2
81 silly currentTree ├── extsprintf@1.0.2
81 silly currentTree ├── fast-levenshtein@2.0.6
81 silly currentTree ├── figures@1.7.0
81 silly currentTree ├── file-entry-cache@2.0.0
81 silly currentTree ├── filename-regex@2.0.0
81 silly currentTree ├── fill-range@2.2.3
81 silly currentTree ├── finalhandler@0.5.1
81 silly currentTree ├── flat-cache@1.2.2
81 silly currentTree ├── for-in@0.1.6
81 silly currentTree ├── for-own@0.1.4
81 silly currentTree ├── forever-agent@0.6.1
81 silly currentTree ├── form-data@2.1.2
81 silly currentTree ├── formidable@1.1.1
81 silly currentTree ├── forwarded@0.1.0
81 silly currentTree ├── fresh@0.3.0
81 silly currentTree ├── from@0.1.3
81 silly currentTree ├── fs.realpath@1.0.0
81 silly currentTree ├── fstream-ignore@1.0.5
81 silly currentTree ├── fstream@1.0.10
81 silly currentTree ├── gauge@2.7.3
81 silly currentTree ├── generate-function@2.0.0
81 silly currentTree ├── generate-object-property@1.2.0
81 silly currentTree ├─┬ getpass@0.1.6
81 silly currentTree │ └── assert-plus@1.0.0
81 silly currentTree ├── glob-base@0.3.0
81 silly currentTree ├── glob-parent@2.0.0
81 silly currentTree ├── glob@7.1.1
81 silly currentTree ├── globals@9.16.0
81 silly currentTree ├── globby@5.0.0
81 silly currentTree ├─┬ got@3.3.1
81 silly currentTree │ └── object-assign@3.0.0
81 silly currentTree ├── graceful-fs@4.1.11
81 silly currentTree ├── graceful-readlink@1.0.1
81 silly currentTree ├── growl@1.9.2
81 silly currentTree ├── har-validator@2.0.6
81 silly currentTree ├── has-ansi@2.0.0
81 silly currentTree ├── has-flag@1.0.0
81 silly currentTree ├── has-unicode@2.0.1
81 silly currentTree ├── hawk@3.1.3
81 silly currentTree ├── hoek@2.16.3
81 silly currentTree ├── hooks-fixed@1.2.0
81 silly currentTree ├─┬ http-errors@1.6.1
81 silly currentTree │ └── setprototypeof@1.0.3
81 silly currentTree ├── http-signature@1.1.1
81 silly currentTree ├── iconv-lite@0.4.15
81 silly currentTree ├── ignore-by-default@1.0.1
81 silly currentTree ├── ignore@3.2.4
81 silly currentTree ├── imurmurhash@0.1.4
81 silly currentTree ├── infinity-agent@2.0.3
81 silly currentTree ├── inflight@1.0.6
81 silly currentTree ├── inherits@2.0.3
81 silly currentTree ├── ini@1.3.4
81 silly currentTree ├── inquirer@0.12.0
81 silly currentTree ├── interpret@1.0.1
81 silly currentTree ├── ipaddr.js@1.2.0
81 silly currentTree ├── is-binary-path@1.0.1
81 silly currentTree ├── is-buffer@1.1.4
81 silly currentTree ├── is-dotfile@1.0.2
81 silly currentTree ├── is-equal-shallow@0.1.3
81 silly currentTree ├── is-extendable@0.1.1
81 silly currentTree ├── is-extglob@1.0.0
81 silly currentTree ├── is-finite@1.0.2
81 silly currentTree ├── is-fullwidth-code-point@1.0.0
81 silly currentTree ├── is-glob@2.0.1
81 silly currentTree ├── is-my-json-valid@2.15.0
81 silly currentTree ├── is-npm@1.0.0
81 silly currentTree ├── is-number@2.1.0
81 silly currentTree ├── is-path-cwd@1.0.0
81 silly currentTree ├── is-path-in-cwd@1.0.0
81 silly currentTree ├── is-path-inside@1.0.0
81 silly currentTree ├── is-posix-bracket@0.1.1
81 silly currentTree ├── is-primitive@2.0.0
81 silly currentTree ├── is-property@1.0.2
81 silly currentTree ├── is-redirect@1.0.0
81 silly currentTree ├── is-resolvable@1.0.0
81 silly currentTree ├── is-stream@1.1.0
81 silly currentTree ├── is-typedarray@1.0.0
81 silly currentTree ├── isarray@1.0.0
81 silly currentTree ├── isobject@2.1.0
81 silly currentTree ├── isstream@0.1.2
81 silly currentTree ├── jodid25519@1.0.2
81 silly currentTree ├── js-tokens@3.0.1
81 silly currentTree ├── js-yaml@3.8.2
81 silly currentTree ├── jsbn@0.1.1
81 silly currentTree ├── json-schema@0.2.3
81 silly currentTree ├── json-stable-stringify@1.0.1
81 silly currentTree ├── json-stringify-safe@5.0.1
81 silly currentTree ├── json3@3.3.2
81 silly currentTree ├── jsonify@0.0.0
81 silly currentTree ├── jsonpointer@4.0.1
81 silly currentTree ├── jsprim@1.3.1
81 silly currentTree ├── kareem@1.2.1
81 silly currentTree ├── kind-of@3.1.0
81 silly currentTree ├── latest-version@1.0.1
81 silly currentTree ├── levn@0.3.0
81 silly currentTree ├── lodash._baseassign@3.2.0
81 silly currentTree ├── lodash._basecopy@3.0.1
81 silly currentTree ├── lodash._basecreate@3.0.3
81 silly currentTree ├── lodash._bindcallback@3.0.1
81 silly currentTree ├── lodash._createassigner@3.1.1
81 silly currentTree ├── lodash._getnative@3.9.1
81 silly currentTree ├── lodash._isiterateecall@3.0.9
81 silly currentTree ├── lodash.assign@3.2.0
81 silly currentTree ├── lodash.create@3.1.1
81 silly currentTree ├── lodash.defaults@3.1.2
81 silly currentTree ├── lodash.isarguments@3.1.0
81 silly currentTree ├── lodash.isarray@3.0.4
81 silly currentTree ├── lodash.keys@3.1.2
81 silly currentTree ├── lodash.restparam@3.6.1
81 silly currentTree ├── lodash@4.17.4
81 silly currentTree ├── log4js@1.1.0
81 silly currentTree ├── lowercase-keys@1.0.0
81 silly currentTree ├── map-stream@0.1.0
81 silly currentTree ├── media-typer@0.3.0
81 silly currentTree ├── merge-descriptors@1.0.1
81 silly currentTree ├── methods@1.1.2
81 silly currentTree ├── micromatch@2.3.11
81 silly currentTree ├── mime-db@1.26.0
81 silly currentTree ├── mime-types@2.1.14
81 silly currentTree ├── mime@1.3.4
81 silly currentTree ├── minimatch@3.0.3
81 silly currentTree ├── minimist@0.0.8
81 silly currentTree ├── mkdirp@0.5.1
81 silly currentTree ├─┬ mocha@3.2.0
81 silly currentTree │ ├── glob@7.0.5
81 silly currentTree │ └── supports-color@3.1.2
81 silly currentTree ├── mongodb-core@2.1.8
81 silly currentTree ├─┬ mongodb@2.2.24
81 silly currentTree │ ├── es6-promise@3.2.1
81 silly currentTree │ └── readable-stream@2.1.5
81 silly currentTree ├─┬ mongoose@4.8.3
81 silly currentTree │ ├── async@2.1.4
81 silly currentTree │ └── ms@0.7.2
81 silly currentTree ├── mpath@0.2.1
81 silly currentTree ├── mpromise@0.5.5
81 silly currentTree ├─┬ mquery@2.2.3
81 silly currentTree │ └── sliced@0.0.5
81 silly currentTree ├── ms@0.7.1
81 silly currentTree ├── muri@1.2.1
81 silly currentTree ├── mute-stream@0.0.5
81 silly currentTree ├── nan@2.5.0
81 silly currentTree ├── natural-compare@1.4.0
81 silly currentTree ├── negotiator@0.6.1
81 silly currentTree ├── nested-error-stacks@1.0.2
81 silly currentTree ├── node-pre-gyp@0.6.32
81 silly currentTree ├── nodemon@1.11.0
81 silly currentTree ├── nopt@3.0.6
81 silly currentTree ├── normalize-path@2.0.1
81 silly currentTree ├── npmlog@4.0.2
81 silly currentTree ├── number-is-nan@1.0.1
81 silly currentTree ├── oauth-sign@0.8.2
81 silly currentTree ├── oauth@0.9.15
81 silly currentTree ├── object-assign@4.1.1
81 silly currentTree ├── object.omit@2.0.1
81 silly currentTree ├── on-finished@2.3.0
81 silly currentTree ├── on-headers@1.0.1
81 silly currentTree ├── once@1.4.0
81 silly currentTree ├── onetime@1.1.0
81 silly currentTree ├── optionator@0.8.2
81 silly currentTree ├── os-homedir@1.0.2
81 silly currentTree ├── os-tmpdir@1.0.2
81 silly currentTree ├── osenv@0.1.4
81 silly currentTree ├── package-json@1.2.0
81 silly currentTree ├── parse-glob@3.0.4
81 silly currentTree ├── parseurl@1.3.1
81 silly currentTree ├── passport-local@1.0.0
81 silly currentTree ├── passport-oauth1@1.1.0
81 silly currentTree ├── passport-strategy@1.0.0
81 silly currentTree ├── passport-twitter@1.0.4
81 silly currentTree ├── passport@0.3.2
81 silly currentTree ├── path-is-absolute@1.0.1
81 silly currentTree ├── path-is-inside@1.0.2
81 silly currentTree ├── path-parse@1.0.5
81 silly currentTree ├── path-to-regexp@0.1.7
81 silly currentTree ├── pause-stream@0.0.11
81 silly currentTree ├── pause@0.0.1
81 silly currentTree ├── pify@2.3.0
81 silly currentTree ├── pinkie-promise@2.0.1
81 silly currentTree ├── pinkie@2.0.4
81 silly currentTree ├── pluralize@1.2.1
81 silly currentTree ├── prelude-ls@1.1.2
81 silly currentTree ├── prepend-http@1.0.4
81 silly currentTree ├── preserve@0.2.0
81 silly currentTree ├── process-nextick-args@1.0.7
81 silly currentTree ├── progress@1.1.8
81 silly currentTree ├── proxy-addr@1.1.3
81 silly currentTree ├── ps-tree@1.1.0
81 silly currentTree ├── punycode@1.4.1
81 silly currentTree ├── qs@6.3.1
81 silly currentTree ├── random-bytes@1.0.0
81 silly currentTree ├── randomatic@1.1.6
81 silly currentTree ├── range-parser@1.2.0
81 silly currentTree ├── raw-body@2.2.0
81 silly currentTree ├─┬ rc@1.1.6
81 silly currentTree │ └── minimist@1.2.0
81 silly currentTree ├── read-all-stream@3.1.0
81 silly currentTree ├── readable-stream@2.2.2
81 silly currentTree ├── readdirp@2.1.0
81 silly currentTree ├── readline2@1.0.1
81 silly currentTree ├── rechoir@0.6.2
81 silly currentTree ├── regex-cache@0.4.3
81 silly currentTree ├── regexp-clone@0.0.1
81 silly currentTree ├── registry-url@3.1.0
81 silly currentTree ├── repeat-element@1.1.2
81 silly currentTree ├── repeat-string@1.6.1
81 silly currentTree ├── repeating@1.1.3
81 silly currentTree ├── request@2.79.0
81 silly currentTree ├── require_optional@1.0.0
81 silly currentTree ├─┬ require-uncached@1.0.3
81 silly currentTree │ └── resolve-from@1.0.1
81 silly currentTree ├── resolve-from@2.0.0
81 silly currentTree ├── resolve@1.3.2
81 silly currentTree ├── restore-cursor@1.0.1
81 silly currentTree ├── rimraf@2.5.4
81 silly currentTree ├── run-async@0.1.0
81 silly currentTree ├── rx-lite@3.1.2
81 silly currentTree ├── semver-diff@2.1.0
81 silly currentTree ├── semver@5.3.0
81 silly currentTree ├─┬ send@0.14.2
81 silly currentTree │ ├── http-errors@1.5.1
81 silly currentTree │ └── ms@0.7.2
81 silly currentTree ├── serve-static@1.11.2
81 silly currentTree ├── set-blocking@2.0.0
81 silly currentTree ├── set-immediate-shim@1.0.1
81 silly currentTree ├── setprototypeof@1.0.2
81 silly currentTree ├── shelljs@0.7.6
81 silly currentTree ├── signal-exit@3.0.2
81 silly currentTree ├── slice-ansi@0.0.4
81 silly currentTree ├── sliced@1.0.1
81 silly currentTree ├── slide@1.1.6
81 silly currentTree ├── sntp@1.0.9
81 silly currentTree ├── split@0.3.3
81 silly currentTree ├── sprintf-js@1.0.3
81 silly currentTree ├─┬ sshpk@1.10.2
81 silly currentTree │ └── assert-plus@1.0.0
81 silly currentTree ├── statuses@1.3.1
81 silly currentTree ├── stream-combiner@0.0.4
81 silly currentTree ├── stream-shift@1.0.0
81 silly currentTree ├─┬ streamroller@0.2.2
81 silly currentTree │ ├── debug@0.7.4
81 silly currentTree │ ├── isarray@0.0.1
81 silly currentTree │ └── readable-stream@1.1.14
81 silly currentTree ├── string_decoder@0.10.31
81 silly currentTree ├── string-length@1.0.1
81 silly currentTree ├── string-width@1.0.2
81 silly currentTree ├── stringstream@0.0.5
81 silly currentTree ├── strip-ansi@3.0.1
81 silly currentTree ├── strip-bom@3.0.0
81 silly currentTree ├── strip-json-comments@1.0.4
81 silly currentTree ├─┬ superagent@2.3.0
81 silly currentTree │ └── form-data@1.0.0-rc4
81 silly currentTree ├── supertest@2.0.1
81 silly currentTree ├── supports-color@2.0.0
81 silly currentTree ├─┬ table@3.8.3
81 silly currentTree │ ├── is-fullwidth-code-point@2.0.0
81 silly currentTree │ └── string-width@2.0.0
81 silly currentTree ├─┬ tar-pack@3.3.0
81 silly currentTree │ ├── once@1.3.3
81 silly currentTree │ └── readable-stream@2.1.5
81 silly currentTree ├── tar@2.2.1
81 silly currentTree ├── text-table@0.2.0
81 silly currentTree ├── through@2.3.8
81 silly currentTree ├── timed-out@2.0.0
81 silly currentTree ├─┬ touch@1.0.0
81 silly currentTree │ └── nopt@1.0.10
81 silly currentTree ├── tough-cookie@2.3.2
81 silly currentTree ├── tryit@1.0.3
81 silly currentTree ├── tunnel-agent@0.4.3
81 silly currentTree ├── tweetnacl@0.14.5
81 silly currentTree ├── type-check@0.3.2
81 silly currentTree ├── type-detect@1.0.0
81 silly currentTree ├── type-is@1.6.14
81 silly currentTree ├── typedarray@0.0.6
81 silly currentTree ├── uid-number@0.0.6
81 silly currentTree ├── uid-safe@2.1.3
81 silly currentTree ├── undefsafe@0.0.3
81 silly currentTree ├── unpipe@1.0.0
81 silly currentTree ├── update-notifier@0.5.0
81 silly currentTree ├── user-home@2.0.0
81 silly currentTree ├── util-deprecate@1.0.2
81 silly currentTree ├── utils-merge@1.0.0
81 silly currentTree ├── uuid@3.0.1
81 silly currentTree ├── vary@1.1.0
81 silly currentTree ├── verror@1.3.6
81 silly currentTree ├── wide-align@1.1.0
81 silly currentTree ├── wordwrap@1.0.0
81 silly currentTree ├── wrappy@1.0.2
81 silly currentTree ├── write-file-atomic@1.3.1
81 silly currentTree ├── write@0.2.1
81 silly currentTree ├── xdg-basedir@2.0.0
81 silly currentTree ├── xmldom@0.1.27
81 silly currentTree ├── xtend@4.0.1
81 silly currentTree └── xtraverse@0.1.0
82 silly idealTree express-app-skeleton@0.0.1
82 silly idealTree ├── abbrev@1.1.0
82 silly idealTree ├── accepts@1.3.3
82 silly idealTree ├─┬ acorn-jsx@3.0.1
82 silly idealTree │ └── acorn@3.3.0
82 silly idealTree ├── acorn@4.0.4
82 silly idealTree ├── ajv-keywords@1.5.1
82 silly idealTree ├── ajv@4.11.4
82 silly idealTree ├── ansi-escapes@1.4.0
82 silly idealTree ├── ansi-regex@2.1.1
82 silly idealTree ├── ansi-styles@2.2.1
82 silly idealTree ├── anymatch@1.3.0
82 silly idealTree ├── aproba@1.1.1
82 silly idealTree ├── are-we-there-yet@1.1.2
82 silly idealTree ├── argparse@1.0.9
82 silly idealTree ├── arr-diff@2.0.0
82 silly idealTree ├── arr-flatten@1.0.1
82 silly idealTree ├── array-flatten@1.1.1
82 silly idealTree ├── array-union@1.0.2
82 silly idealTree ├── array-uniq@1.0.3
82 silly idealTree ├── array-unique@0.2.1
82 silly idealTree ├── arrify@1.0.1
82 silly idealTree ├── asn1@0.2.3
82 silly idealTree ├── assert-plus@0.2.0
82 silly idealTree ├── assertion-error@1.0.2
82 silly idealTree ├── async-each@1.0.1
82 silly idealTree ├── async@1.5.2
82 silly idealTree ├── asynckit@0.4.0
82 silly idealTree ├── aws-sign2@0.6.0
82 silly idealTree ├── aws4@1.6.0
82 silly idealTree ├── babel-code-frame@6.22.0
82 silly idealTree ├── balanced-match@0.4.2
82 silly idealTree ├── base64-url@1.3.3
82 silly idealTree ├── bcrypt-pbkdf@1.0.1
82 silly idealTree ├── bcrypt@1.0.2
82 silly idealTree ├── binary-extensions@1.8.0
82 silly idealTree ├── bindings@1.2.1
82 silly idealTree ├── block-stream@0.0.9
82 silly idealTree ├── bluebird@2.10.2
82 silly idealTree ├─┬ body-parser@1.16.1
82 silly idealTree │ ├── debug@2.6.1
82 silly idealTree │ ├── http-errors@1.5.1
82 silly idealTree │ ├── ms@0.7.2
82 silly idealTree │ └── qs@6.2.1
82 silly idealTree ├── boom@2.10.1
82 silly idealTree ├── brace-expansion@1.1.6
82 silly idealTree ├── braces@1.8.5
82 silly idealTree ├── browser-stdout@1.3.0
82 silly idealTree ├── bson@1.0.4
82 silly idealTree ├── buffer-shims@1.0.0
82 silly idealTree ├── bytes@2.4.0
82 silly idealTree ├── caller-path@0.1.0
82 silly idealTree ├── callsites@0.2.0
82 silly idealTree ├── caseless@0.11.0
82 silly idealTree ├── chai@3.5.0
82 silly idealTree ├── chalk@1.1.3
82 silly idealTree ├── chokidar@1.6.1
82 silly idealTree ├── circular-json@0.3.1
82 silly idealTree ├── cli-cursor@1.0.2
82 silly idealTree ├── cli-width@2.1.0
82 silly idealTree ├── co@4.6.0
82 silly idealTree ├── code-point-at@1.1.0
82 silly idealTree ├── combined-stream@1.0.5
82 silly idealTree ├── commander@2.9.0
82 silly idealTree ├── component-emitter@1.2.1
82 silly idealTree ├── concat-map@0.0.1
82 silly idealTree ├── concat-stream@1.6.0
82 silly idealTree ├─┬ configstore@1.4.0
82 silly idealTree │ └── uuid@2.0.3
82 silly idealTree ├── console-control-strings@1.1.0
82 silly idealTree ├── content-disposition@0.5.2
82 silly idealTree ├── content-type@1.0.2
82 silly idealTree ├── cookie-parser@1.4.3
82 silly idealTree ├── cookie-signature@1.0.6
82 silly idealTree ├── cookie@0.3.1
82 silly idealTree ├── cookiejar@2.1.0
82 silly idealTree ├── core-util-is@1.0.2
82 silly idealTree ├── crc@3.4.4
82 silly idealTree ├── cryptiles@2.0.5
82 silly idealTree ├── crypto-js@3.1.9-1
82 silly idealTree ├── d@0.1.1
82 silly idealTree ├─┬ dashdash@1.14.1
82 silly idealTree │ └── assert-plus@1.0.0
82 silly idealTree ├── date-format@0.0.0
82 silly idealTree ├── debug@2.2.0
82 silly idealTree ├─┬ deep-eql@0.1.3
82 silly idealTree │ └── type-detect@0.1.1
82 silly idealTree ├── deep-extend@0.4.1
82 silly idealTree ├── deep-is@0.1.3
82 silly idealTree ├── del@2.2.2
82 silly idealTree ├── delayed-stream@1.0.0
82 silly idealTree ├── delegates@1.0.0
82 silly idealTree ├── depd@1.1.0
82 silly idealTree ├── destroy@1.0.4
82 silly idealTree ├── diff@1.4.0
82 silly idealTree ├── doctrine@1.5.0
82 silly idealTree ├── dotenv@4.0.0
82 silly idealTree ├── duplexer@0.1.1
82 silly idealTree ├── duplexify@3.5.0
82 silly idealTree ├── ecc-jsbn@0.1.1
82 silly idealTree ├── ee-first@1.1.1
82 silly idealTree ├── encodeurl@1.0.1
82 silly idealTree ├─┬ end-of-stream@1.0.0
82 silly idealTree │ └── once@1.3.3
82 silly idealTree ├── es5-ext@0.10.12
82 silly idealTree ├── es6-iterator@2.0.0
82 silly idealTree ├── es6-map@0.1.4
82 silly idealTree ├── es6-promise@3.3.1
82 silly idealTree ├── es6-set@0.1.4
82 silly idealTree ├── es6-symbol@3.1.0
82 silly idealTree ├── es6-weak-map@2.0.1
82 silly idealTree ├── escape-html@1.0.3
82 silly idealTree ├── escape-string-regexp@1.0.5
82 silly idealTree ├── escope@3.6.0
82 silly idealTree ├── eslint-config-google@0.7.1
82 silly idealTree ├─┬ eslint@3.17.1
82 silly idealTree │ └── strip-json-comments@2.0.1
82 silly idealTree ├── espree@3.4.0
82 silly idealTree ├── esprima@3.1.3
82 silly idealTree ├─┬ esrecurse@4.1.0
82 silly idealTree │ └── estraverse@4.1.1
82 silly idealTree ├── estraverse@4.2.0
82 silly idealTree ├── esutils@2.0.2
82 silly idealTree ├── etag@1.7.0
82 silly idealTree ├── event-emitter@0.3.4
82 silly idealTree ├── event-stream@3.3.4
82 silly idealTree ├── exit-hook@1.1.1
82 silly idealTree ├── expand-brackets@0.1.5
82 silly idealTree ├── expand-range@1.8.2
82 silly idealTree ├─┬ express-session@1.15.1
82 silly idealTree │ ├── debug@2.6.1
82 silly idealTree │ └── ms@0.7.2
82 silly idealTree ├─┬ express@4.14.1
82 silly idealTree │ └── qs@6.2.0
82 silly idealTree ├── extend@3.0.0
82 silly idealTree ├── extglob@0.3.2
82 silly idealTree ├── extsprintf@1.0.2
82 silly idealTree ├── fast-levenshtein@2.0.6
82 silly idealTree ├── figures@1.7.0
82 silly idealTree ├── file-entry-cache@2.0.0
82 silly idealTree ├── filename-regex@2.0.0
82 silly idealTree ├── fill-range@2.2.3
82 silly idealTree ├── finalhandler@0.5.1
82 silly idealTree ├── flat-cache@1.2.2
82 silly idealTree ├── for-in@0.1.6
82 silly idealTree ├── for-own@0.1.4
82 silly idealTree ├── forever-agent@0.6.1
82 silly idealTree ├── form-data@2.1.2
82 silly idealTree ├── formidable@1.1.1
82 silly idealTree ├── forwarded@0.1.0
82 silly idealTree ├── fresh@0.3.0
82 silly idealTree ├── from@0.1.3
82 silly idealTree ├── fs.realpath@1.0.0
82 silly idealTree ├── fstream-ignore@1.0.5
82 silly idealTree ├── fstream@1.0.10
82 silly idealTree ├── gauge@2.7.3
82 silly idealTree ├── generate-function@2.0.0
82 silly idealTree ├── generate-object-property@1.2.0
82 silly idealTree ├─┬ getpass@0.1.6
82 silly idealTree │ └── assert-plus@1.0.0
82 silly idealTree ├── glob-base@0.3.0
82 silly idealTree ├── glob-parent@2.0.0
82 silly idealTree ├── glob@7.1.1
82 silly idealTree ├── globals@9.16.0
82 silly idealTree ├── globby@5.0.0
82 silly idealTree ├─┬ got@3.3.1
82 silly idealTree │ └── object-assign@3.0.0
82 silly idealTree ├── graceful-fs@4.1.11
82 silly idealTree ├── graceful-readlink@1.0.1
82 silly idealTree ├── growl@1.9.2
82 silly idealTree ├── har-validator@2.0.6
82 silly idealTree ├── has-ansi@2.0.0
82 silly idealTree ├── has-flag@1.0.0
82 silly idealTree ├── has-unicode@2.0.1
82 silly idealTree ├── hawk@3.1.3
82 silly idealTree ├── hoek@2.16.3
82 silly idealTree ├── hooks-fixed@1.2.0
82 silly idealTree ├─┬ http-errors@1.6.1
82 silly idealTree │ └── setprototypeof@1.0.3
82 silly idealTree ├── http-signature@1.1.1
82 silly idealTree ├── iconv-lite@0.4.15
82 silly idealTree ├── ignore-by-default@1.0.1
82 silly idealTree ├── ignore@3.2.4
82 silly idealTree ├── imurmurhash@0.1.4
82 silly idealTree ├── infinity-agent@2.0.3
82 silly idealTree ├── inflight@1.0.6
82 silly idealTree ├── inherits@2.0.3
82 silly idealTree ├── ini@1.3.4
82 silly idealTree ├── inquirer@0.12.0
82 silly idealTree ├── interpret@1.0.1
82 silly idealTree ├── ipaddr.js@1.2.0
82 silly idealTree ├── is-binary-path@1.0.1
82 silly idealTree ├── is-buffer@1.1.4
82 silly idealTree ├── is-dotfile@1.0.2
82 silly idealTree ├── is-equal-shallow@0.1.3
82 silly idealTree ├── is-extendable@0.1.1
82 silly idealTree ├── is-extglob@1.0.0
82 silly idealTree ├── is-finite@1.0.2
82 silly idealTree ├── is-fullwidth-code-point@1.0.0
82 silly idealTree ├── is-glob@2.0.1
82 silly idealTree ├── is-my-json-valid@2.15.0
82 silly idealTree ├── is-npm@1.0.0
82 silly idealTree ├── is-number@2.1.0
82 silly idealTree ├── is-path-cwd@1.0.0
82 silly idealTree ├── is-path-in-cwd@1.0.0
82 silly idealTree ├── is-path-inside@1.0.0
82 silly idealTree ├── is-posix-bracket@0.1.1
82 silly idealTree ├── is-primitive@2.0.0
82 silly idealTree ├── is-property@1.0.2
82 silly idealTree ├── is-redirect@1.0.0
82 silly idealTree ├── is-resolvable@1.0.0
82 silly idealTree ├── is-stream@1.1.0
82 silly idealTree ├── is-typedarray@1.0.0
82 silly idealTree ├── isarray@1.0.0
82 silly idealTree ├── isobject@2.1.0
82 silly idealTree ├── isstream@0.1.2
82 silly idealTree ├── jodid25519@1.0.2
82 silly idealTree ├── js-tokens@3.0.1
82 silly idealTree ├── js-yaml@3.8.2
82 silly idealTree ├── jsbn@0.1.1
82 silly idealTree ├── json-schema@0.2.3
82 silly idealTree ├── json-stable-stringify@1.0.1
82 silly idealTree ├── json-stringify-safe@5.0.1
82 silly idealTree ├── json3@3.3.2
82 silly idealTree ├── jsonify@0.0.0
82 silly idealTree ├── jsonpointer@4.0.1
82 silly idealTree ├── jsprim@1.3.1
82 silly idealTree ├── kareem@1.2.1
82 silly idealTree ├── kind-of@3.1.0
82 silly idealTree ├── latest-version@1.0.1
82 silly idealTree ├── levn@0.3.0
82 silly idealTree ├── lodash._baseassign@3.2.0
82 silly idealTree ├── lodash._basecopy@3.0.1
82 silly idealTree ├── lodash._basecreate@3.0.3
82 silly idealTree ├── lodash._bindcallback@3.0.1
82 silly idealTree ├── lodash._createassigner@3.1.1
82 silly idealTree ├── lodash._getnative@3.9.1
82 silly idealTree ├── lodash._isiterateecall@3.0.9
82 silly idealTree ├── lodash.assign@3.2.0
82 silly idealTree ├── lodash.create@3.1.1
82 silly idealTree ├── lodash.defaults@3.1.2
82 silly idealTree ├── lodash.isarguments@3.1.0
82 silly idealTree ├── lodash.isarray@3.0.4
82 silly idealTree ├── lodash.keys@3.1.2
82 silly idealTree ├── lodash.restparam@3.6.1
82 silly idealTree ├── lodash@4.17.4
82 silly idealTree ├── log4js@1.1.0
82 silly idealTree ├── lowercase-keys@1.0.0
82 silly idealTree ├── map-stream@0.1.0
82 silly idealTree ├── media-typer@0.3.0
82 silly idealTree ├── merge-descriptors@1.0.1
82 silly idealTree ├── methods@1.1.2
82 silly idealTree ├── micromatch@2.3.11
82 silly idealTree ├── mime-db@1.26.0
82 silly idealTree ├── mime-types@2.1.14
82 silly idealTree ├── mime@1.3.4
82 silly idealTree ├── minimatch@3.0.3
82 silly idealTree ├── minimist@0.0.8
82 silly idealTree ├── mkdirp@0.5.1
82 silly idealTree ├─┬ mocha@3.2.0
82 silly idealTree │ ├── glob@7.0.5
82 silly idealTree │ └── supports-color@3.1.2
82 silly idealTree ├── mongodb-core@2.1.8
82 silly idealTree ├─┬ mongodb@2.2.24
82 silly idealTree │ ├── es6-promise@3.2.1
82 silly idealTree │ └── readable-stream@2.1.5
82 silly idealTree ├─┬ mongoose@4.8.3
82 silly idealTree │ ├── async@2.1.4
82 silly idealTree │ └── ms@0.7.2
82 silly idealTree ├── mpath@0.2.1
82 silly idealTree ├── mpromise@0.5.5
82 silly idealTree ├─┬ mquery@2.2.3
82 silly idealTree │ └── sliced@0.0.5
82 silly idealTree ├── ms@0.7.1
82 silly idealTree ├── muri@1.2.1
82 silly idealTree ├── mute-stream@0.0.5
82 silly idealTree ├── nan@2.5.0
82 silly idealTree ├── natural-compare@1.4.0
82 silly idealTree ├── negotiator@0.6.1
82 silly idealTree ├── nested-error-stacks@1.0.2
82 silly idealTree ├── node-pre-gyp@0.6.32
82 silly idealTree ├── nodemon@1.11.0
82 silly idealTree ├── nopt@3.0.6
82 silly idealTree ├── normalize-path@2.0.1
82 silly idealTree ├── npmlog@4.0.2
82 silly idealTree ├── number-is-nan@1.0.1
82 silly idealTree ├── oauth-sign@0.8.2
82 silly idealTree ├── oauth@0.9.15
82 silly idealTree ├── object-assign@4.1.1
82 silly idealTree ├── object.omit@2.0.1
82 silly idealTree ├── on-finished@2.3.0
82 silly idealTree ├── on-headers@1.0.1
82 silly idealTree ├── once@1.4.0
82 silly idealTree ├── onetime@1.1.0
82 silly idealTree ├── optionator@0.8.2
82 silly idealTree ├── os-homedir@1.0.2
82 silly idealTree ├── os-tmpdir@1.0.2
82 silly idealTree ├── osenv@0.1.4
82 silly idealTree ├── package-json@1.2.0
82 silly idealTree ├── parse-glob@3.0.4
82 silly idealTree ├── parseurl@1.3.1
82 silly idealTree ├── passport-local@1.0.0
82 silly idealTree ├── passport-oauth1@1.1.0
82 silly idealTree ├── passport-strategy@1.0.0
82 silly idealTree ├── passport-twitter@1.0.4
82 silly idealTree ├── passport@0.3.2
82 silly idealTree ├── path-is-absolute@1.0.1
82 silly idealTree ├── path-is-inside@1.0.2
82 silly idealTree ├── path-parse@1.0.5
82 silly idealTree ├── path-to-regexp@0.1.7
82 silly idealTree ├── pause-stream@0.0.11
82 silly idealTree ├── pause@0.0.1
82 silly idealTree ├── pify@2.3.0
82 silly idealTree ├── pinkie-promise@2.0.1
82 silly idealTree ├── pinkie@2.0.4
82 silly idealTree ├── pluralize@1.2.1
82 silly idealTree ├── prelude-ls@1.1.2
82 silly idealTree ├── prepend-http@1.0.4
82 silly idealTree ├── preserve@0.2.0
82 silly idealTree ├── process-nextick-args@1.0.7
82 silly idealTree ├── progress@1.1.8
82 silly idealTree ├── proxy-addr@1.1.3
82 silly idealTree ├── ps-tree@1.1.0
82 silly idealTree ├── punycode@1.4.1
82 silly idealTree ├── qs@6.3.1
82 silly idealTree ├── random-bytes@1.0.0
82 silly idealTree ├── randomatic@1.1.6
82 silly idealTree ├── range-parser@1.2.0
82 silly idealTree ├── raw-body@2.2.0
82 silly idealTree ├─┬ rc@1.1.6
82 silly idealTree │ └── minimist@1.2.0
82 silly idealTree ├── read-all-stream@3.1.0
82 silly idealTree ├── readable-stream@2.2.2
82 silly idealTree ├── readdirp@2.1.0
82 silly idealTree ├── readline2@1.0.1
82 silly idealTree ├── rechoir@0.6.2
82 silly idealTree ├── regex-cache@0.4.3
82 silly idealTree ├── regexp-clone@0.0.1
82 silly idealTree ├── registry-url@3.1.0
82 silly idealTree ├── repeat-element@1.1.2
82 silly idealTree ├── repeat-string@1.6.1
82 silly idealTree ├── repeating@1.1.3
82 silly idealTree ├── request@2.79.0
82 silly idealTree ├── require_optional@1.0.0
82 silly idealTree ├─┬ require-uncached@1.0.3
82 silly idealTree │ └── resolve-from@1.0.1
82 silly idealTree ├── resolve-from@2.0.0
82 silly idealTree ├── resolve@1.3.2
82 silly idealTree ├── restore-cursor@1.0.1
82 silly idealTree ├── rimraf@2.5.4
82 silly idealTree ├── run-async@0.1.0
82 silly idealTree ├── rx-lite@3.1.2
82 silly idealTree ├── semver-diff@2.1.0
82 silly idealTree ├── semver@5.3.0
82 silly idealTree ├─┬ send@0.14.2
82 silly idealTree │ ├── http-errors@1.5.1
82 silly idealTree │ └── ms@0.7.2
82 silly idealTree ├── serve-static@1.11.2
82 silly idealTree ├── set-blocking@2.0.0
82 silly idealTree ├── set-immediate-shim@1.0.1
82 silly idealTree ├── setprototypeof@1.0.2
82 silly idealTree ├── shelljs@0.7.6
82 silly idealTree ├── signal-exit@3.0.2
82 silly idealTree ├── slice-ansi@0.0.4
82 silly idealTree ├── sliced@1.0.1
82 silly idealTree ├── slide@1.1.6
82 silly idealTree ├── sntp@1.0.9
82 silly idealTree ├── split@0.3.3
82 silly idealTree ├── sprintf-js@1.0.3
82 silly idealTree ├─┬ sshpk@1.10.2
82 silly idealTree │ └── assert-plus@1.0.0
82 silly idealTree ├── statuses@1.3.1
82 silly idealTree ├── stream-combiner@0.0.4
82 silly idealTree ├── stream-shift@1.0.0
82 silly idealTree ├─┬ streamroller@0.2.2
82 silly idealTree │ ├── debug@0.7.4
82 silly idealTree │ ├── isarray@0.0.1
82 silly idealTree │ └── readable-stream@1.1.14
82 silly idealTree ├── string_decoder@0.10.31
82 silly idealTree ├── string-length@1.0.1
82 silly idealTree ├── string-width@1.0.2
82 silly idealTree ├── stringstream@0.0.5
82 silly idealTree ├── strip-ansi@3.0.1
82 silly idealTree ├── strip-bom@3.0.0
82 silly idealTree ├── strip-json-comments@1.0.4
82 silly idealTree ├─┬ superagent@2.3.0
82 silly idealTree │ └── form-data@1.0.0-rc4
82 silly idealTree ├── supertest@2.0.1
82 silly idealTree ├── supports-color@2.0.0
82 silly idealTree ├─┬ table@3.8.3
82 silly idealTree │ ├── is-fullwidth-code-point@2.0.0
82 silly idealTree │ └── string-width@2.0.0
82 silly idealTree ├─┬ tar-pack@3.3.0
82 silly idealTree │ ├── once@1.3.3
82 silly idealTree │ └── readable-stream@2.1.5
82 silly idealTree ├── tar@2.2.1
82 silly idealTree ├── text-table@0.2.0
82 silly idealTree ├── through@2.3.8
82 silly idealTree ├── timed-out@2.0.0
82 silly idealTree ├─┬ touch@1.0.0
82 silly idealTree │ └── nopt@1.0.10
82 silly idealTree ├── tough-cookie@2.3.2
82 silly idealTree ├── tryit@1.0.3
82 silly idealTree ├── tunnel-agent@0.4.3
82 silly idealTree ├── tweetnacl@0.14.5
82 silly idealTree ├── type-check@0.3.2
82 silly idealTree ├── type-detect@1.0.0
82 silly idealTree ├── type-is@1.6.14
82 silly idealTree ├── typedarray@0.0.6
82 silly idealTree ├── uid-number@0.0.6
82 silly idealTree ├── uid-safe@2.1.3
82 silly idealTree ├── undefsafe@0.0.3
82 silly idealTree ├── unpipe@1.0.0
82 silly idealTree ├── update-notifier@0.5.0
82 silly idealTree ├── user-home@2.0.0
82 silly idealTree ├── util-deprecate@1.0.2
82 silly idealTree ├── utils-merge@1.0.0
82 silly idealTree ├── uuid@3.0.1
82 silly idealTree ├── vary@1.1.0
82 silly idealTree ├── verror@1.3.6
82 silly idealTree ├── wide-align@1.1.0
82 silly idealTree ├── wordwrap@1.0.0
82 silly idealTree ├── wrappy@1.0.2
82 silly idealTree ├── write-file-atomic@1.3.1
82 silly idealTree ├── write@0.2.1
82 silly idealTree ├── xdg-basedir@2.0.0
82 silly idealTree ├── xmldom@0.1.27
82 silly idealTree ├── xtend@4.0.1
82 silly idealTree └── xtraverse@0.1.0
83 silly generateActionsToTake Starting
84 silly install generateActionsToTake
85 warn checkPermissions Missing write access to /home/euegneperminov/Projects/express-app-skeleton/node_modules
86 silly rollbackFailedOptional Starting
87 silly rollbackFailedOptional Finishing
88 silly runTopLevelLifecycles Finishing
89 silly install printInstalled
90 warn optional SKIPPING OPTIONAL DEPENDENCY: fsevents@^1.0.0 (node_modules/chokidar/node_modules/fsevents):
91 warn notsup SKIPPING OPTIONAL DEPENDENCY: Unsupported platform for fsevents@1.1.1: wanted {"os":"darwin","arch":"any"} (current: {"os":"linux","arch":"x64"})
92 verbose notsup SKIPPING OPTIONAL DEPENDENCY: Valid OS:    darwin
92 verbose notsup SKIPPING OPTIONAL DEPENDENCY: Valid Arch:  any
92 verbose notsup SKIPPING OPTIONAL DEPENDENCY: Actual OS:   linux
92 verbose notsup SKIPPING OPTIONAL DEPENDENCY: Actual Arch: x64
93 warn express-app-skeleton@0.0.1 No description
94 verbose If you need help, you may report this error at:
94 verbose     <https://github.com/npm/npm/issues>
95 verbose stack Error: EACCES: permission denied, access '/home/euegneperminov/Projects/express-app-skeleton/node_modules'
95 verbose stack     at Error (native)
96 verbose cwd /home/euegneperminov/Projects/express-app-skeleton
97 error Linux 4.4.0-64-generic
98 error argv "/home/euegneperminov/.nvm/versions/node/v6.9.1/bin/node" "/home/euegneperminov/.nvm/versions/node/v6.9.1/bin/npm" "install" "eslint-config-google" "--save-dev"
99 error node v6.9.1
100 error npm  v3.10.8
101 error path /home/euegneperminov/Projects/express-app-skeleton/node_modules
102 error code EACCES
103 error errno -13
104 error syscall access
105 error Error: EACCES: permission denied, access '/home/euegneperminov/Projects/express-app-skeleton/node_modules'
105 error     at Error (native)
105 error  { Error: EACCES: permission denied, access '/home/euegneperminov/Projects/express-app-skeleton/node_modules'
105 error     at Error (native)
105 error   errno: -13,
105 error   code: 'EACCES',
105 error   syscall: 'access',
105 error   path: '/home/euegneperminov/Projects/express-app-skeleton/node_modules' }
106 error Please try running this command again as root/Administrator.
107 verbose exit [ -13, true ]
